{"C:\\Users\\Carolina Mariotto\\Desktop\\SAP009-Burguer-Queen\\browser-burguer\\src\\API\\ApiMock.js": {"path":"C:\\Users\\Carolina Mariotto\\Desktop\\SAP009-Burguer-Queen\\browser-burguer\\src\\API\\ApiMock.js","statementMap":{"0":{"start":{"line":1,"column":21},"end":{"line":12,"column":2}},"1":{"start":{"line":2,"column":2},"end":{"line":12,"column":2}}},"fnMap":{"0":{"name":"(anonymous_0)","decl":{"start":{"line":1,"column":21},"end":{"line":1,"column":22}},"loc":{"start":{"line":2,"column":2},"end":{"line":12,"column":2}},"line":2}},"branchMap":{},"s":{"0":1,"1":0},"f":{"0":0},"b":{},"_coverageSchema":"1a1c01bbd47fc00a2c39e90264f33305004495a9","hash":"9c9b4b0d6b37e6607fefc5b86e04eb6ed9855512"}
,"C:\\Users\\Carolina Mariotto\\Desktop\\SAP009-Burguer-Queen\\browser-burguer\\src\\components\\ButtonLogin.jsx": {"path":"C:\\Users\\Carolina Mariotto\\Desktop\\SAP009-Burguer-Queen\\browser-burguer\\src\\components\\ButtonLogin.jsx","statementMap":{"0":{"start":{"line":3,"column":20},"end":{"line":9,"column":1}},"1":{"start":{"line":4,"column":2},"end":{"line":8,"column":4}}},"fnMap":{"0":{"name":"(anonymous_0)","decl":{"start":{"line":3,"column":20},"end":{"line":3,"column":21}},"loc":{"start":{"line":3,"column":37},"end":{"line":9,"column":1}},"line":3}},"branchMap":{},"s":{"0":1,"1":10},"f":{"0":10},"b":{},"_coverageSchema":"1a1c01bbd47fc00a2c39e90264f33305004495a9","hash":"fac2018a1a6cae2224bc94b49db7881d12355e0e"}
,"C:\\Users\\Carolina Mariotto\\Desktop\\SAP009-Burguer-Queen\\browser-burguer\\src\\components\\ButtonMenuLogin.jsx": {"path":"C:\\Users\\Carolina Mariotto\\Desktop\\SAP009-Burguer-Queen\\browser-burguer\\src\\components\\ButtonMenuLogin.jsx","statementMap":{"0":{"start":{"line":3,"column":24},"end":{"line":9,"column":1}},"1":{"start":{"line":4,"column":2},"end":{"line":8,"column":4}}},"fnMap":{"0":{"name":"(anonymous_0)","decl":{"start":{"line":3,"column":24},"end":{"line":3,"column":25}},"loc":{"start":{"line":3,"column":41},"end":{"line":9,"column":1}},"line":3}},"branchMap":{},"s":{"0":1,"1":10},"f":{"0":10},"b":{},"_coverageSchema":"1a1c01bbd47fc00a2c39e90264f33305004495a9","hash":"d458dbbc57611682b6c4890ba82a3e095c5c0eab"}
,"C:\\Users\\Carolina Mariotto\\Desktop\\SAP009-Burguer-Queen\\browser-burguer\\src\\components\\Input.jsx": {"path":"C:\\Users\\Carolina Mariotto\\Desktop\\SAP009-Burguer-Queen\\browser-burguer\\src\\components\\Input.jsx","statementMap":{"0":{"start":{"line":3,"column":14},"end":{"line":17,"column":1}},"1":{"start":{"line":4,"column":18},"end":{"line":4,"column":48}},"2":{"start":{"line":5,"column":2},"end":{"line":16,"column":4}}},"fnMap":{"0":{"name":"(anonymous_0)","decl":{"start":{"line":3,"column":14},"end":{"line":3,"column":15}},"loc":{"start":{"line":3,"column":62},"end":{"line":17,"column":1}},"line":3}},"branchMap":{},"s":{"0":1,"1":20,"2":20},"f":{"0":20},"b":{},"_coverageSchema":"1a1c01bbd47fc00a2c39e90264f33305004495a9","hash":"5b1ffa9e276f4f059f18cbfff319f2811d5906cf"}
,"C:\\Users\\Carolina Mariotto\\Desktop\\SAP009-Burguer-Queen\\browser-burguer\\src\\components\\Select.jsx": {"path":"C:\\Users\\Carolina Mariotto\\Desktop\\SAP009-Burguer-Queen\\browser-burguer\\src\\components\\Select.jsx","statementMap":{"0":{"start":{"line":3,"column":15},"end":{"line":18,"column":1}},"1":{"start":{"line":4,"column":19},"end":{"line":4,"column":50}},"2":{"start":{"line":6,"column":2},"end":{"line":17,"column":4}},"3":{"start":{"line":11,"column":10},"end":{"line":13,"column":19}}},"fnMap":{"0":{"name":"(anonymous_0)","decl":{"start":{"line":3,"column":15},"end":{"line":3,"column":16}},"loc":{"start":{"line":3,"column":56},"end":{"line":18,"column":1}},"line":3},"1":{"name":"(anonymous_1)","decl":{"start":{"line":10,"column":21},"end":{"line":10,"column":22}},"loc":{"start":{"line":11,"column":10},"end":{"line":13,"column":19}},"line":11}},"branchMap":{},"s":{"0":1,"1":10,"2":10,"3":40},"f":{"0":10,"1":40},"b":{},"_coverageSchema":"1a1c01bbd47fc00a2c39e90264f33305004495a9","hash":"032de64d1457cfb1b1224435fa25c7b35860205d"}
,"C:\\Users\\Carolina Mariotto\\Desktop\\SAP009-Burguer-Queen\\browser-burguer\\src\\pages\\login\\Login.jsx": {"path":"C:\\Users\\Carolina Mariotto\\Desktop\\SAP009-Burguer-Queen\\browser-burguer\\src\\pages\\login\\Login.jsx","statementMap":{"0":{"start":{"line":10,"column":21},"end":{"line":114,"column":1}},"1":{"start":{"line":11,"column":28},"end":{"line":11,"column":40}},"2":{"start":{"line":12,"column":30},"end":{"line":12,"column":42}},"3":{"start":{"line":13,"column":34},"end":{"line":13,"column":46}},"4":{"start":{"line":14,"column":32},"end":{"line":14,"column":44}},"5":{"start":{"line":16,"column":28},"end":{"line":18,"column":3}},"6":{"start":{"line":17,"column":4},"end":{"line":17,"column":29}},"7":{"start":{"line":20,"column":29},"end":{"line":22,"column":3}},"8":{"start":{"line":21,"column":4},"end":{"line":21,"column":30}},"9":{"start":{"line":24,"column":31},"end":{"line":26,"column":3}},"10":{"start":{"line":25,"column":4},"end":{"line":25,"column":32}},"11":{"start":{"line":29,"column":23},"end":{"line":61,"column":3}},"12":{"start":{"line":30,"column":4},"end":{"line":30,"column":23}},"13":{"start":{"line":31,"column":4},"end":{"line":60,"column":9}},"14":{"start":{"line":33,"column":8},"end":{"line":40,"column":9}},"15":{"start":{"line":34,"column":10},"end":{"line":34,"column":31}},"16":{"start":{"line":36,"column":10},"end":{"line":36,"column":23}},"17":{"start":{"line":37,"column":10},"end":{"line":37,"column":24}},"18":{"start":{"line":38,"column":10},"end":{"line":38,"column":26}},"19":{"start":{"line":40,"column":10},"end":{"line":47,"column":9}},"20":{"start":{"line":41,"column":10},"end":{"line":41,"column":37}},"21":{"start":{"line":43,"column":10},"end":{"line":43,"column":23}},"22":{"start":{"line":44,"column":10},"end":{"line":44,"column":24}},"23":{"start":{"line":45,"column":10},"end":{"line":45,"column":26}},"24":{"start":{"line":47,"column":10},"end":{"line":56,"column":9}},"25":{"start":{"line":48,"column":10},"end":{"line":48,"column":31}},"26":{"start":{"line":50,"column":10},"end":{"line":50,"column":23}},"27":{"start":{"line":51,"column":10},"end":{"line":51,"column":24}},"28":{"start":{"line":52,"column":10},"end":{"line":52,"column":26}},"29":{"start":{"line":55,"column":10},"end":{"line":55,"column":73}},"30":{"start":{"line":59,"column":8},"end":{"line":59,"column":27}},"31":{"start":{"line":62,"column":19},"end":{"line":62,"column":32}},"32":{"start":{"line":67,"column":21},"end":{"line":69,"column":3}},"33":{"start":{"line":68,"column":4},"end":{"line":68,"column":27}},"34":{"start":{"line":70,"column":20},"end":{"line":70,"column":33}},"35":{"start":{"line":72,"column":24},"end":{"line":76,"column":3}},"36":{"start":{"line":78,"column":2},"end":{"line":113,"column":4}}},"fnMap":{"0":{"name":"(anonymous_0)","decl":{"start":{"line":10,"column":21},"end":{"line":10,"column":22}},"loc":{"start":{"line":10,"column":27},"end":{"line":114,"column":1}},"line":10},"1":{"name":"(anonymous_1)","decl":{"start":{"line":16,"column":28},"end":{"line":16,"column":29}},"loc":{"start":{"line":16,"column":35},"end":{"line":18,"column":3}},"line":16},"2":{"name":"(anonymous_2)","decl":{"start":{"line":20,"column":29},"end":{"line":20,"column":30}},"loc":{"start":{"line":20,"column":36},"end":{"line":22,"column":3}},"line":20},"3":{"name":"(anonymous_3)","decl":{"start":{"line":24,"column":31},"end":{"line":24,"column":32}},"loc":{"start":{"line":24,"column":38},"end":{"line":26,"column":3}},"line":24},"4":{"name":"(anonymous_4)","decl":{"start":{"line":29,"column":23},"end":{"line":29,"column":24}},"loc":{"start":{"line":29,"column":30},"end":{"line":61,"column":3}},"line":29},"5":{"name":"(anonymous_5)","decl":{"start":{"line":32,"column":12},"end":{"line":32,"column":13}},"loc":{"start":{"line":32,"column":26},"end":{"line":57,"column":7}},"line":32},"6":{"name":"(anonymous_6)","decl":{"start":{"line":58,"column":13},"end":{"line":58,"column":14}},"loc":{"start":{"line":58,"column":24},"end":{"line":60,"column":7}},"line":58},"7":{"name":"(anonymous_7)","decl":{"start":{"line":67,"column":21},"end":{"line":67,"column":22}},"loc":{"start":{"line":67,"column":27},"end":{"line":69,"column":3}},"line":67}},"branchMap":{"0":{"loc":{"start":{"line":33,"column":8},"end":{"line":40,"column":9}},"type":"if","locations":[{"start":{"line":33,"column":8},"end":{"line":40,"column":9}},{"start":{},"end":{}}],"line":33},"1":{"loc":{"start":{"line":33,"column":12},"end":{"line":33,"column":51}},"type":"binary-expr","locations":[{"start":{"line":33,"column":12},"end":{"line":33,"column":23}},{"start":{"line":33,"column":27},"end":{"line":33,"column":51}}],"line":33},"2":{"loc":{"start":{"line":40,"column":10},"end":{"line":47,"column":9}},"type":"if","locations":[{"start":{"line":40,"column":10},"end":{"line":47,"column":9}},{"start":{},"end":{}}],"line":40},"3":{"loc":{"start":{"line":40,"column":14},"end":{"line":40,"column":55}},"type":"binary-expr","locations":[{"start":{"line":40,"column":14},"end":{"line":40,"column":25}},{"start":{"line":40,"column":29},"end":{"line":40,"column":55}}],"line":40},"4":{"loc":{"start":{"line":47,"column":10},"end":{"line":56,"column":9}},"type":"if","locations":[{"start":{"line":47,"column":10},"end":{"line":56,"column":9}},{"start":{"line":54,"column":15},"end":{"line":56,"column":9}}],"line":47},"5":{"loc":{"start":{"line":47,"column":14},"end":{"line":47,"column":49}},"type":"binary-expr","locations":[{"start":{"line":47,"column":14},"end":{"line":47,"column":25}},{"start":{"line":47,"column":29},"end":{"line":47,"column":49}}],"line":47},"6":{"loc":{"start":{"line":109,"column":7},"end":{"line":109,"column":54}},"type":"binary-expr","locations":[{"start":{"line":109,"column":7},"end":{"line":109,"column":14}},{"start":{"line":109,"column":18},"end":{"line":109,"column":54}}],"line":109}},"s":{"0":1,"1":11,"2":10,"3":10,"4":10,"5":10,"6":2,"7":10,"8":2,"9":10,"10":2,"11":10,"12":1,"13":1,"14":0,"15":0,"16":0,"17":0,"18":0,"19":0,"20":0,"21":0,"22":0,"23":0,"24":0,"25":0,"26":0,"27":0,"28":0,"29":0,"30":0,"31":10,"32":10,"33":0,"34":10,"35":10,"36":10},"f":{"0":11,"1":2,"2":2,"3":2,"4":1,"5":0,"6":0,"7":0},"b":{"0":[0,0],"1":[0,0],"2":[0,0],"3":[0,0],"4":[0,0],"5":[0,0],"6":[10,0]},"_coverageSchema":"1a1c01bbd47fc00a2c39e90264f33305004495a9","hash":"087bae97560826328db5a7772b0f265767d9009c"}
}
