{"C:\\Users\\vanes\\browser-burguer\\src\\API\\ApiMock.js": {"path":"C:\\Users\\vanes\\browser-burguer\\src\\API\\ApiMock.js","statementMap":{"0":{"start":{"line":1,"column":21},"end":{"line":12,"column":2}},"1":{"start":{"line":2,"column":2},"end":{"line":12,"column":2}}},"fnMap":{"0":{"name":"(anonymous_0)","decl":{"start":{"line":1,"column":21},"end":{"line":1,"column":22}},"loc":{"start":{"line":2,"column":2},"end":{"line":12,"column":2}},"line":2}},"branchMap":{},"s":{"0":1,"1":0},"f":{"0":0},"b":{},"_coverageSchema":"1a1c01bbd47fc00a2c39e90264f33305004495a9","hash":"7d3df8a87c97348aab9acf515a18a8b1437d31bc"}
,"C:\\Users\\vanes\\browser-burguer\\src\\components\\ButtonLogin.jsx": {"path":"C:\\Users\\vanes\\browser-burguer\\src\\components\\ButtonLogin.jsx","statementMap":{"0":{"start":{"line":3,"column":20},"end":{"line":9,"column":1}},"1":{"start":{"line":4,"column":2},"end":{"line":8,"column":4}}},"fnMap":{"0":{"name":"(anonymous_0)","decl":{"start":{"line":3,"column":20},"end":{"line":3,"column":21}},"loc":{"start":{"line":3,"column":37},"end":{"line":9,"column":1}},"line":3}},"branchMap":{},"s":{"0":1,"1":10},"f":{"0":10},"b":{},"_coverageSchema":"1a1c01bbd47fc00a2c39e90264f33305004495a9","hash":"5b2a3fb93e11250302f1ccca1a018335a7d125c3"}
,"C:\\Users\\vanes\\browser-burguer\\src\\components\\ButtonMenu.jsx": {"path":"C:\\Users\\vanes\\browser-burguer\\src\\components\\ButtonMenu.jsx","statementMap":{"0":{"start":{"line":3,"column":19},"end":{"line":9,"column":1}},"1":{"start":{"line":4,"column":2},"end":{"line":8,"column":4}}},"fnMap":{"0":{"name":"(anonymous_0)","decl":{"start":{"line":3,"column":19},"end":{"line":3,"column":20}},"loc":{"start":{"line":3,"column":36},"end":{"line":9,"column":1}},"line":3}},"branchMap":{},"s":{"0":1,"1":10},"f":{"0":10},"b":{},"_coverageSchema":"1a1c01bbd47fc00a2c39e90264f33305004495a9","hash":"76b85981858d7587e42d0f3015d5bf3eee7099ba"}
,"C:\\Users\\vanes\\browser-burguer\\src\\components\\Input.jsx": {"path":"C:\\Users\\vanes\\browser-burguer\\src\\components\\Input.jsx","statementMap":{"0":{"start":{"line":3,"column":14},"end":{"line":17,"column":1}},"1":{"start":{"line":4,"column":18},"end":{"line":4,"column":48}},"2":{"start":{"line":5,"column":2},"end":{"line":16,"column":4}}},"fnMap":{"0":{"name":"(anonymous_0)","decl":{"start":{"line":3,"column":14},"end":{"line":3,"column":15}},"loc":{"start":{"line":3,"column":62},"end":{"line":17,"column":1}},"line":3}},"branchMap":{},"s":{"0":1,"1":20,"2":20},"f":{"0":20},"b":{},"_coverageSchema":"1a1c01bbd47fc00a2c39e90264f33305004495a9","hash":"4622f7079834b16d799859e6bdafbea024d8fef9"}
,"C:\\Users\\vanes\\browser-burguer\\src\\components\\Select.jsx": {"path":"C:\\Users\\vanes\\browser-burguer\\src\\components\\Select.jsx","statementMap":{"0":{"start":{"line":3,"column":15},"end":{"line":18,"column":1}},"1":{"start":{"line":4,"column":19},"end":{"line":4,"column":50}},"2":{"start":{"line":6,"column":2},"end":{"line":17,"column":4}},"3":{"start":{"line":11,"column":10},"end":{"line":13,"column":19}}},"fnMap":{"0":{"name":"(anonymous_0)","decl":{"start":{"line":3,"column":15},"end":{"line":3,"column":16}},"loc":{"start":{"line":3,"column":56},"end":{"line":18,"column":1}},"line":3},"1":{"name":"(anonymous_1)","decl":{"start":{"line":10,"column":21},"end":{"line":10,"column":22}},"loc":{"start":{"line":11,"column":10},"end":{"line":13,"column":19}},"line":11}},"branchMap":{},"s":{"0":1,"1":10,"2":10,"3":40},"f":{"0":10,"1":40},"b":{},"_coverageSchema":"1a1c01bbd47fc00a2c39e90264f33305004495a9","hash":"e7502e2e007cf305b49b8454e583f5b7c36c9922"}
,"C:\\Users\\vanes\\browser-burguer\\src\\pages\\login\\Login.jsx": {"path":"C:\\Users\\vanes\\browser-burguer\\src\\pages\\login\\Login.jsx","statementMap":{"0":{"start":{"line":10,"column":21},"end":{"line":99,"column":1}},"1":{"start":{"line":11,"column":28},"end":{"line":11,"column":40}},"2":{"start":{"line":12,"column":30},"end":{"line":12,"column":42}},"3":{"start":{"line":13,"column":34},"end":{"line":13,"column":46}},"4":{"start":{"line":14,"column":32},"end":{"line":14,"column":44}},"5":{"start":{"line":16,"column":28},"end":{"line":18,"column":3}},"6":{"start":{"line":17,"column":4},"end":{"line":17,"column":29}},"7":{"start":{"line":20,"column":29},"end":{"line":22,"column":3}},"8":{"start":{"line":21,"column":4},"end":{"line":21,"column":30}},"9":{"start":{"line":24,"column":31},"end":{"line":26,"column":3}},"10":{"start":{"line":25,"column":4},"end":{"line":25,"column":32}},"11":{"start":{"line":29,"column":23},"end":{"line":46,"column":3}},"12":{"start":{"line":30,"column":4},"end":{"line":30,"column":23}},"13":{"start":{"line":31,"column":4},"end":{"line":45,"column":9}},"14":{"start":{"line":33,"column":8},"end":{"line":41,"column":9}},"15":{"start":{"line":34,"column":10},"end":{"line":34,"column":31}},"16":{"start":{"line":36,"column":10},"end":{"line":36,"column":23}},"17":{"start":{"line":37,"column":10},"end":{"line":37,"column":24}},"18":{"start":{"line":38,"column":10},"end":{"line":38,"column":26}},"19":{"start":{"line":40,"column":10},"end":{"line":40,"column":73}},"20":{"start":{"line":44,"column":8},"end":{"line":44,"column":27}},"21":{"start":{"line":47,"column":19},"end":{"line":47,"column":32}},"22":{"start":{"line":52,"column":21},"end":{"line":54,"column":3}},"23":{"start":{"line":53,"column":4},"end":{"line":53,"column":27}},"24":{"start":{"line":55,"column":20},"end":{"line":55,"column":33}},"25":{"start":{"line":57,"column":24},"end":{"line":61,"column":3}},"26":{"start":{"line":63,"column":2},"end":{"line":98,"column":4}}},"fnMap":{"0":{"name":"(anonymous_0)","decl":{"start":{"line":10,"column":21},"end":{"line":10,"column":22}},"loc":{"start":{"line":10,"column":27},"end":{"line":99,"column":1}},"line":10},"1":{"name":"(anonymous_1)","decl":{"start":{"line":16,"column":28},"end":{"line":16,"column":29}},"loc":{"start":{"line":16,"column":35},"end":{"line":18,"column":3}},"line":16},"2":{"name":"(anonymous_2)","decl":{"start":{"line":20,"column":29},"end":{"line":20,"column":30}},"loc":{"start":{"line":20,"column":36},"end":{"line":22,"column":3}},"line":20},"3":{"name":"(anonymous_3)","decl":{"start":{"line":24,"column":31},"end":{"line":24,"column":32}},"loc":{"start":{"line":24,"column":38},"end":{"line":26,"column":3}},"line":24},"4":{"name":"(anonymous_4)","decl":{"start":{"line":29,"column":23},"end":{"line":29,"column":24}},"loc":{"start":{"line":29,"column":30},"end":{"line":46,"column":3}},"line":29},"5":{"name":"(anonymous_5)","decl":{"start":{"line":32,"column":12},"end":{"line":32,"column":13}},"loc":{"start":{"line":32,"column":26},"end":{"line":42,"column":7}},"line":32},"6":{"name":"(anonymous_6)","decl":{"start":{"line":43,"column":13},"end":{"line":43,"column":14}},"loc":{"start":{"line":43,"column":24},"end":{"line":45,"column":7}},"line":43},"7":{"name":"(anonymous_7)","decl":{"start":{"line":52,"column":21},"end":{"line":52,"column":22}},"loc":{"start":{"line":52,"column":27},"end":{"line":54,"column":3}},"line":52}},"branchMap":{"0":{"loc":{"start":{"line":33,"column":8},"end":{"line":41,"column":9}},"type":"if","locations":[{"start":{"line":33,"column":8},"end":{"line":41,"column":9}},{"start":{"line":39,"column":15},"end":{"line":41,"column":9}}],"line":33},"1":{"loc":{"start":{"line":94,"column":7},"end":{"line":94,"column":54}},"type":"binary-expr","locations":[{"start":{"line":94,"column":7},"end":{"line":94,"column":14}},{"start":{"line":94,"column":18},"end":{"line":94,"column":54}}],"line":94}},"s":{"0":1,"1":11,"2":10,"3":10,"4":10,"5":10,"6":2,"7":10,"8":2,"9":10,"10":2,"11":10,"12":1,"13":1,"14":0,"15":0,"16":0,"17":0,"18":0,"19":0,"20":0,"21":10,"22":10,"23":0,"24":10,"25":10,"26":10},"f":{"0":11,"1":2,"2":2,"3":2,"4":1,"5":0,"6":0,"7":0},"b":{"0":[0,0],"1":[10,0]},"_coverageSchema":"1a1c01bbd47fc00a2c39e90264f33305004495a9","hash":"c23fe6f90e1624baac60fb44e8a1aa983e7f59dc"}
}
