TN:
SF:src\API\ApiMock.js
FN:1,(anonymous_0)
FNF:1
FNH:0
FNDA:0,(anonymous_0)
DA:1,1
DA:2,0
LF:2
LH:1
BRF:0
BRH:0
end_of_record
TN:
SF:src\components\ButtonLogin.jsx
FN:3,(anonymous_0)
FNF:1
FNH:1
FNDA:10,(anonymous_0)
DA:3,1
DA:4,10
LF:2
LH:2
BRF:0
BRH:0
end_of_record
TN:
SF:src\components\ButtonMenu.jsx
FN:3,(anonymous_0)
FNF:1
FNH:1
FNDA:10,(anonymous_0)
DA:3,1
DA:4,10
LF:2
LH:2
BRF:0
BRH:0
end_of_record
TN:
SF:src\components\Input.jsx
FN:3,(anonymous_0)
FNF:1
FNH:1
FNDA:20,(anonymous_0)
DA:3,1
DA:4,20
DA:5,20
LF:3
LH:3
BRF:0
BRH:0
end_of_record
TN:
SF:src\components\Select.jsx
FN:3,(anonymous_0)
FN:10,(anonymous_1)
FNF:2
FNH:2
FNDA:10,(anonymous_0)
FNDA:40,(anonymous_1)
DA:3,1
DA:4,10
DA:6,10
DA:11,40
LF:4
LH:4
BRF:0
BRH:0
end_of_record
TN:
SF:src\pages\login\Login.jsx
FN:10,(anonymous_0)
FN:16,(anonymous_1)
FN:20,(anonymous_2)
FN:24,(anonymous_3)
FN:29,(anonymous_4)
FN:32,(anonymous_5)
FN:43,(anonymous_6)
FN:52,(anonymous_7)
FNF:8
FNH:5
FNDA:11,(anonymous_0)
FNDA:2,(anonymous_1)
FNDA:2,(anonymous_2)
FNDA:2,(anonymous_3)
FNDA:1,(anonymous_4)
FNDA:0,(anonymous_5)
FNDA:0,(anonymous_6)
FNDA:0,(anonymous_7)
DA:10,1
DA:11,11
DA:12,10
DA:13,10
DA:14,10
DA:16,10
DA:17,2
DA:20,10
DA:21,2
DA:24,10
DA:25,2
DA:29,10
DA:30,1
DA:31,1
DA:33,0
DA:34,0
DA:36,0
DA:37,0
DA:38,0
DA:40,0
DA:44,0
DA:47,10
DA:52,10
DA:53,0
DA:55,10
DA:57,10
DA:63,10
LF:27
LH:19
BRDA:33,0,0,0
BRDA:33,0,1,0
BRDA:94,1,0,10
BRDA:94,1,1,0
BRF:4
BRH:1
end_of_record
